TN:
SF:global-config/src/test.ts
FNF:0
FNH:0
DA:18,1
DA:24,1
DA:26,1
LF:3
LH:3
BRF:0
BRH:0
end_of_record
TN:
SF:global-config/src/app/app.component.ts
FN:16,(anonymous_0)
FN:17,(anonymous_1)
FN:39,(anonymous_2)
FN:39,(anonymous_3)
FN:43,(anonymous_4)
FN:49,(anonymous_5)
FN:53,(anonymous_6)
FN:57,(anonymous_7)
FN:61,(anonymous_8)
FN:65,(anonymous_9)
FN:69,(anonymous_10)
FN:76,(anonymous_11)
FN:97,(anonymous_12)
FN:97,(anonymous_13)
FN:99,(anonymous_14)
FNF:15
FNH:12
FNDA:11,(anonymous_0)
FNDA:101,(anonymous_1)
FNDA:11,(anonymous_2)
FNDA:11,(anonymous_3)
FNDA:33,(anonymous_4)
FNDA:12,(anonymous_5)
FNDA:12,(anonymous_6)
FNDA:0,(anonymous_7)
FNDA:0,(anonymous_8)
FNDA:0,(anonymous_9)
FNDA:144,(anonymous_10)
FNDA:16,(anonymous_11)
FNDA:1,(anonymous_12)
FNDA:1,(anonymous_13)
FNDA:3,(anonymous_14)
DA:13,1
DA:16,11
DA:17,11
DA:18,101
DA:19,101
DA:21,101
DA:24,11
DA:31,11
DA:39,22
DA:40,11
DA:41,11
DA:43,11
DA:44,33
DA:46,11
DA:50,12
DA:54,12
DA:58,0
DA:62,0
DA:66,0
DA:70,144
DA:71,144
DA:72,0
DA:73,144
DA:77,16
DA:78,16
DA:79,16
DA:81,16
DA:82,16
DA:83,4
DA:85,12
DA:86,4
DA:88,8
DA:89,4
DA:91,4
DA:92,4
DA:94,0
DA:97,2
DA:98,1
DA:99,1
DA:100,3
DA:102,1
DA:103,1
DA:104,1
DA:105,1
DA:108,0
DA:109,0
DA:112,1
LF:47
LH:40
BRDA:18,0,0,101
BRDA:18,0,1,56
BRDA:18,1,0,0
BRDA:18,1,1,101
BRDA:18,2,0,101
BRDA:18,2,1,101
BRDA:19,3,0,101
BRDA:19,3,1,67
BRDA:19,4,0,0
BRDA:19,4,1,101
BRDA:19,5,0,101
BRDA:19,5,1,101
BRDA:21,6,0,17
BRDA:21,6,1,84
BRDA:41,7,0,11
BRDA:41,7,1,0
BRDA:44,8,0,0
BRDA:44,8,1,33
BRDA:44,9,0,33
BRDA:44,9,1,33
BRDA:71,10,0,0
BRDA:71,10,1,144
BRDA:73,11,0,144
BRDA:73,11,1,60
BRDA:73,11,2,44
BRDA:78,12,0,0
BRDA:78,12,1,16
BRDA:79,13,0,0
BRDA:79,13,1,16
BRDA:82,14,0,4
BRDA:82,14,1,12
BRDA:82,15,0,0
BRDA:82,15,1,16
BRDA:82,16,0,16
BRDA:82,16,1,16
BRDA:85,17,0,4
BRDA:85,17,1,8
BRDA:85,18,0,0
BRDA:85,18,1,12
BRDA:85,19,0,12
BRDA:85,19,1,12
BRDA:86,20,0,0
BRDA:86,20,1,4
BRDA:86,21,0,4
BRDA:86,21,1,4
BRDA:88,22,0,4
BRDA:88,22,1,4
BRDA:88,23,0,0
BRDA:88,23,1,8
BRDA:88,24,0,8
BRDA:88,24,1,8
BRDA:89,25,0,0
BRDA:89,25,1,4
BRDA:89,26,0,4
BRDA:89,26,1,4
BRDA:91,27,0,4
BRDA:91,27,1,0
BRDA:91,28,0,0
BRDA:91,28,1,4
BRDA:91,29,0,4
BRDA:91,29,1,4
BRDA:100,30,0,3
BRDA:100,30,1,0
BRDA:100,31,0,0
BRDA:100,31,1,3
BRDA:100,32,0,3
BRDA:100,32,1,3
BRF:67
BRH:51
end_of_record
TN:
SF:global-config/src/app/aui/aui-web-components.ts
FN:5,(anonymous_0)
FNF:1
FNH:1
FNDA:1,(anonymous_0)
DA:5,1
LF:1
LH:1
BRF:0
BRH:0
end_of_record
TN:
SF:global-config/src/app/storage/global-config.ts
FN:2,(anonymous_0)
FNF:1
FNH:1
FNDA:12,(anonymous_0)
DA:2,12
DA:3,12
DA:4,12
LF:3
LH:3
BRDA:2,0,0,11
BRDA:3,1,0,11
BRDA:4,2,0,11
BRF:3
BRH:3
end_of_record
TN:
SF:global-config/src/app/storage/global-storage.service.ts
FN:10,(anonymous_0)
FN:13,(anonymous_1)
FN:20,(anonymous_2)
FNF:3
FNH:3
FNDA:12,(anonymous_0)
FNDA:12,(anonymous_1)
FNDA:2,(anonymous_2)
DA:7,1
DA:8,1
DA:14,12
DA:15,12
DA:16,10
DA:17,2
DA:21,2
LF:7
LH:7
BRDA:15,0,0,10
BRDA:15,0,1,2
BRF:2
BRH:2
end_of_record
TN:
SF:worklog-grid/src/test.ts
FNF:0
FNH:0
DA:18,1
DA:23,1
DA:25,1
LF:3
LH:3
BRF:0
BRH:0
end_of_record
TN:
SF:worklog-grid/src/app/app.component.ts
FN:16,(anonymous_0)
FN:17,(anonymous_1)
FN:30,(anonymous_3)
FN:34,(anonymous_4)
FN:43,(anonymous_5)
FNF:5
FNH:3
FNDA:0,(anonymous_0)
FNDA:0,(anonymous_1)
FNDA:1,(anonymous_3)
FNDA:1,(anonymous_4)
FNDA:1,(anonymous_5)
DA:16,1
DA:17,1
DA:18,1
DA:26,1
DA:27,1
DA:28,1
DA:35,1
DA:36,1
DA:38,0
DA:39,0
DA:40,0
DA:44,1
DA:45,1
LF:13
LH:10
BRDA:35,0,0,1
BRDA:35,0,1,0
BRDA:35,1,0,1
BRDA:35,1,1,1
BRF:4
BRH:3
end_of_record
TN:
SF:worklog-grid/src/app/jira-cloud-client/jira-cloud-client.service.ts
FN:23,(anonymous_0)
FN:27,(anonymous_1)
FN:31,(anonymous_2)
FN:35,(anonymous_3)
FN:37,(anonymous_4)
FN:41,(anonymous_5)
FN:45,(anonymous_6)
FN:49,(anonymous_7)
FN:53,(anonymous_8)
FN:57,(anonymous_9)
FN:58,(anonymous_10)
FN:61,(anonymous_11)
FN:63,(anonymous_12)
FN:67,(anonymous_13)
FN:68,(anonymous_14)
FN:72,(anonymous_15)
FN:74,(anonymous_16)
FNF:17
FNH:17
FNDA:15,(anonymous_0)
FNDA:4,(anonymous_1)
FNDA:3,(anonymous_2)
FNDA:1,(anonymous_3)
FNDA:1,(anonymous_4)
FNDA:3,(anonymous_5)
FNDA:1,(anonymous_6)
FNDA:1,(anonymous_7)
FNDA:2,(anonymous_8)
FNDA:1,(anonymous_9)
FNDA:1,(anonymous_10)
FNDA:1,(anonymous_11)
FNDA:1,(anonymous_12)
FNDA:1,(anonymous_13)
FNDA:1,(anonymous_14)
FNDA:2,(anonymous_15)
FNDA:1,(anonymous_16)
DA:22,1
DA:23,15
DA:24,15
DA:28,4
DA:32,3
DA:36,1
DA:37,1
DA:42,3
DA:46,1
DA:50,1
DA:54,2
DA:58,1
DA:62,1
DA:63,1
DA:68,1
DA:69,1
DA:73,2
DA:74,2
DA:75,2
LF:19
LH:19
BRF:0
BRH:0
end_of_record
TN:
SF:worklog-grid/src/app/jira-cloud-client/jira-cloud.user.ts
FN:2,(anonymous_0)
FNF:1
FNH:1
FNDA:3,(anonymous_0)
DA:2,3
DA:3,3
DA:4,3
DA:5,3
LF:4
LH:4
BRDA:2,0,0,1
BRDA:3,1,0,1
BRDA:4,2,0,1
BRDA:5,3,0,1
BRF:4
BRH:4
end_of_record
TN:
SF:worklog-grid/src/app/storage/forge-storage.service.ts
FN:9,(anonymous_0)
FN:11,(anonymous_1)
FNF:2
FNH:2
FNDA:14,(anonymous_0)
FNDA:3,(anonymous_1)
DA:7,1
DA:12,3
LF:2
LH:2
BRF:0
BRH:0
end_of_record
TN:
SF:worklog-grid/src/environments/environment.ts
FNF:0
FNH:0
DA:1,1
LF:1
LH:1
BRF:0
BRH:0
end_of_record
